<?xml version="1.0" encoding="UTF-8"?>
<!-- Generated by org.testng.reporters.JUnitXMLReporter -->
<testsuite ignored="1" hostname="Yanjies-MacBook-Pro.local" failures="0" tests="3" name="Default test" time="0.138" errors="0" timestamp="07 Aug 2021 18:16:07 GMT">
  <testcase classname="dataDriven.Test2" name="test2" time="0.022"/>
  <testcase classname="dataDriven.Test2" name="test2" time="0.002"/>
  <testcase classname="dataDriven.Test2" name="test2" time="0.009"/>
  <testcase classname="dataDriven.Test2" name="test" time="0.0">
    <ignored/>
  </testcase> <!-- test -->
</testsuite> <!-- Default test -->
