<?xml version="1.0" encoding="UTF-8"?>
<testng-results ignored="1" total="4" passed="3" failed="0" skipped="0">
  <reporter-output>
  </reporter-output>
  <suite started-at="2021-08-07T18:16:07Z" name="Default suite" finished-at="2021-08-07T18:16:07Z" duration-ms="138">
    <groups>
    </groups>
    <test started-at="2021-08-07T18:16:07Z" name="Default test" finished-at="2021-08-07T18:16:07Z" duration-ms="138">
      <class name="dataDriven.Test2">
        <test-method signature="test2(java.util.HashMap)[pri:0, instance:dataDriven.Test2@477b4cdf]" started-at="2021-08-07T18:16:07Z" name="test2" data-provider="personInfo" finished-at="2021-08-07T18:16:07Z" duration-ms="22" status="PASS">
          <params>
            <param index="0">
              <value>
                <![CDATA[{lastName=Peter, firstname=john, Email=Peter@gmail.com, phone=703-666-5686}]]>
              </value>
            </param>
          </params>
          <reporter-output>
          </reporter-output>
        </test-method> <!-- test2 -->
        <test-method signature="test2(java.util.HashMap)[pri:0, instance:dataDriven.Test2@477b4cdf]" started-at="2021-08-07T18:16:07Z" name="test2" data-provider="personInfo" finished-at="2021-08-07T18:16:07Z" duration-ms="2" status="PASS">
          <params>
            <param index="0">
              <value>
                <![CDATA[{lastName=Wang, firstname=Lilly, Email=Lilly@gmail.com, phone=703-666-5686}]]>
              </value>
            </param>
          </params>
          <reporter-output>
          </reporter-output>
        </test-method> <!-- test2 -->
        <test-method signature="test2(java.util.HashMap)[pri:0, instance:dataDriven.Test2@477b4cdf]" started-at="2021-08-07T18:16:07Z" name="test2" data-provider="personInfo" finished-at="2021-08-07T18:16:07Z" duration-ms="9" status="PASS">
          <params>
            <param index="0">
              <value>
                <![CDATA[{lastName=Li, firstname=Pao, MidleName=S, Email=Pao@gmail.com, phone=703-666-5686}]]>
              </value>
            </param>
          </params>
          <reporter-output>
          </reporter-output>
        </test-method> <!-- test2 -->
      </class> <!-- dataDriven.Test2 -->
    </test> <!-- Default test -->
  </suite> <!-- Default suite -->
</testng-results>
